<?xml version="1.0" encoding="UTF-8"?>
<!-- Generated by org.testng.reporters.JUnitXMLReporter -->
<testsuite hostname="LTPCHE102076955" ignored="82" name="Test" tests="27" failures="0" timestamp="2020-09-28T14:13:49 IST" time="110.447" errors="0">
  <testcase name="TC_01_Verify_LaunchApp" time="43.822" classname="com.mobileAutomation.Common"/>
  <testcase name="TC1_02_PHB_Click_Showcase" time="0.288" classname="com.mobileAutomation.OnboardingFF"/>
  <testcase name="TC1_03_PHB_Click_Onboarding" time="0.325" classname="com.mobileAutomation.OnboardingFF"/>
  <testcase name="TC1_04_PHB_What_should_we_call_you" time="5.101" classname="com.mobileAutomation.OnboardingFF"/>
  <testcase name="TC1_05_PHB_Gender_selection_Female" time="1.22" classname="com.mobileAutomation.OnboardingFF"/>
  <testcase name="TC1_06_PHB_Click_My_partner_and_I_are_planning_to_have_a_baby" time="4.406" classname="com.mobileAutomation.OnboardingFF"/>
  <testcase name="TC1_07_PHB_How_long_have_you_been_trying_to_conceive" time="2.909" classname="com.mobileAutomation.OnboardingFF"/>
  <testcase name="TC1_08_PHB_Click_Next" time="0.139" classname="com.mobileAutomation.OnboardingFF"/>
  <testcase name="TC1_09_PHB_Is_this_your_first_child" time="0.786" classname="com.mobileAutomation.OnboardingFF"/>
  <testcase name="TC1_10_PHB_Lastly_how_old_are_you" time="3.176" classname="com.mobileAutomation.OnboardingFF"/>
  <testcase name="TC1_11_PHB_Select_Interests" time="4.853" classname="com.mobileAutomation.OnboardingFF"/>
  <testcase name="TC1_12_PHB_Click_Terms_Conditions" time="0.799" classname="com.mobileAutomation.OnboardingFF"/>
  <testcase name="TC1_13_PHB_Click_Continue" time="0.281" classname="com.mobileAutomation.OnboardingFF"/>
  <testcase name="TC1_14_PHB_Click_Terms_conditions_Close" time="0.72" classname="com.mobileAutomation.OnboardingFF"/>
  <testcase name="TC2_01_PRG_Click_Showcase" time="0.563" classname="com.mobileAutomation.OnboardingFF"/>
  <testcase name="TC2_02_PRG_Click_onboarding" time="0.482" classname="com.mobileAutomation.OnboardingFF"/>
  <testcase name="TC2_03_PRG_What_should_we_call_you" time="4.514" classname="com.mobileAutomation.OnboardingFF"/>
  <testcase name="TC2_04_PRG_Gender_selection_Female" time="1.075" classname="com.mobileAutomation.OnboardingFF"/>
  <testcase name="TC2_05_PRG_Click_My_partner_and_I_are_pregnant" time="2.409" classname="com.mobileAutomation.OnboardingFF"/>
  <testcase name="TC2_06_PRG_Do_you_know_your_due_date" time="4.414" classname="com.mobileAutomation.OnboardingFF"/>
  <testcase name="TC2_07_PRG_Click_Next" time="0.225" classname="com.mobileAutomation.OnboardingFF"/>
  <testcase name="TC2_08_PRG_Is_this_your_first_child_Select_Yes" time="0.899" classname="com.mobileAutomation.OnboardingFF"/>
  <testcase name="TC2_09_PRG_Lastly_how_old_are_you" time="2.872" classname="com.mobileAutomation.OnboardingFF"/>
  <testcase name="TC2_10_PRG_Select_Interests" time="3.107" classname="com.mobileAutomation.OnboardingFF"/>
  <testcase name="TC2_11_PRG_Click_Terms_Conditions" time="0.62" classname="com.mobileAutomation.OnboardingFF"/>
  <testcase name="TC2_12_PRG_Click_Continue" time="0.197" classname="com.mobileAutomation.OnboardingFF"/>
  <testcase name="TC2_13_PRG_Click_Terms_conditions_Close" time="0.786" classname="com.mobileAutomation.OnboardingFF"/>
  <testcase name="TC4_03_CC_What_should_we_call_you" time="0.0" classname="com.mobileAutomation.OnboardingMF">
    <ignored/>
  </testcase> <!-- TC4_03_CC_What_should_we_call_you -->
  <testcase name="TC4_13_CC_Click_Continue" time="0.0" classname="com.mobileAutomation.OnboardingFF">
    <ignored/>
  </testcase> <!-- TC4_13_CC_Click_Continue -->
  <testcase name="TC3_03_NB_What_should_we_call_you" time="0.0" classname="com.mobileAutomation.OnboardingFF">
    <ignored/>
  </testcase> <!-- TC3_03_NB_What_should_we_call_you -->
  <testcase name="TC1_02_PHB_Click_Showcase" time="0.0" classname="com.mobileAutomation.OnboardingMF">
    <ignored/>
  </testcase> <!-- TC1_02_PHB_Click_Showcase -->
  <testcase name="TC1_13_PHB_Click_Continue" time="0.0" classname="com.mobileAutomation.OnboardingMF">
    <ignored/>
  </testcase> <!-- TC1_13_PHB_Click_Continue -->
  <testcase name="TC1_12_PHB_Click_Terms_Conditions" time="0.0" classname="com.mobileAutomation.OnboardingMF">
    <ignored/>
  </testcase> <!-- TC1_12_PHB_Click_Terms_Conditions -->
  <testcase name="TC3_07_NB_Enter_your_baby_date_of_birth" time="0.0" classname="com.mobileAutomation.OnboardingFF">
    <ignored/>
  </testcase> <!-- TC3_07_NB_Enter_your_baby_date_of_birth -->
  <testcase name="TC1_08_PHB_Click_Next" time="0.0" classname="com.mobileAutomation.OnboardingMF">
    <ignored/>
  </testcase> <!-- TC1_08_PHB_Click_Next -->
  <testcase name="TC2_09_PRG_Lastly_how_old_are_you" time="0.0" classname="com.mobileAutomation.OnboardingMF">
    <ignored/>
  </testcase> <!-- TC2_09_PRG_Lastly_how_old_are_you -->
  <testcase name="TC3_10_NB_Select_Interests" time="0.0" classname="com.mobileAutomation.OnboardingFF">
    <ignored/>
  </testcase> <!-- TC3_10_NB_Select_Interests -->
  <testcase name="TC4_01_CC_Click_Showcase" time="0.0" classname="com.mobileAutomation.OnboardingMF">
    <ignored/>
  </testcase> <!-- TC4_01_CC_Click_Showcase -->
  <testcase name="TC3_13_NB_Click_Terms_conditions_Close" time="0.0" classname="com.mobileAutomation.OnboardingMF">
    <ignored/>
  </testcase> <!-- TC3_13_NB_Click_Terms_conditions_Close -->
  <testcase name="TC3_05_NB_I_have_a_newborn" time="0.0" classname="com.mobileAutomation.OnboardingFF">
    <ignored/>
  </testcase> <!-- TC3_05_NB_I_have_a_newborn -->
  <testcase name="TC3_11_NB_Click_Terms_Conditions" time="0.0" classname="com.mobileAutomation.OnboardingFF">
    <ignored/>
  </testcase> <!-- TC3_11_NB_Click_Terms_Conditions -->
  <testcase name="TC4_05_CC_Click_I_have_a_child_children" time="0.0" classname="com.mobileAutomation.OnboardingFF">
    <ignored/>
  </testcase> <!-- TC4_05_CC_Click_I_have_a_child_children -->
  <testcase name="TC4_07_CC_Click_Next" time="0.0" classname="com.mobileAutomation.OnboardingFF">
    <ignored/>
  </testcase> <!-- TC4_07_CC_Click_Next -->
  <testcase name="TC2_04_PRG_Gender_selection_Male" time="0.0" classname="com.mobileAutomation.OnboardingMF">
    <ignored/>
  </testcase> <!-- TC2_04_PRG_Gender_selection_Male -->
  <testcase name="TC4_08_CC_How_old_are_your_kids" time="0.0" classname="com.mobileAutomation.OnboardingFF">
    <ignored/>
  </testcase> <!-- TC4_08_CC_How_old_are_your_kids -->
  <testcase name="TC4_04_CC_Gender_selection_Male" time="0.0" classname="com.mobileAutomation.OnboardingMF">
    <ignored/>
  </testcase> <!-- TC4_04_CC_Gender_selection_Male -->
  <testcase name="TC_01_Verify_LaunchApp" time="0.0" classname="com.mobileAutomation.Common">
    <ignored/>
  </testcase> <!-- TC_01_Verify_LaunchApp -->
  <testcase name="TC_01_Verify_LaunchApp" time="0.0" classname="com.mobileAutomation.Common">
    <ignored/>
  </testcase> <!-- TC_01_Verify_LaunchApp -->
  <testcase name="TC3_09_NB_Lastly_how_old_are_you" time="0.0" classname="com.mobileAutomation.OnboardingMF">
    <ignored/>
  </testcase> <!-- TC3_09_NB_Lastly_how_old_are_you -->
  <testcase name="TC3_12_NB_Click_Continue" time="0.0" classname="com.mobileAutomation.OnboardingFF">
    <ignored/>
  </testcase> <!-- TC3_12_NB_Click_Continue -->
  <testcase name="TC1_09_PHB_Is_this_your_first_child" time="0.0" classname="com.mobileAutomation.OnboardingMF">
    <ignored/>
  </testcase> <!-- TC1_09_PHB_Is_this_your_first_child -->
  <testcase name="TC3_04_NB_Gender_selection_Male" time="0.0" classname="com.mobileAutomation.OnboardingMF">
    <ignored/>
  </testcase> <!-- TC3_04_NB_Gender_selection_Male -->
  <testcase name="TC2_07_PRG_Click_Next" time="0.0" classname="com.mobileAutomation.OnboardingMF">
    <ignored/>
  </testcase> <!-- TC2_07_PRG_Click_Next -->
  <testcase name="TC4_10_CC_Lastly_how_old_are_you" time="0.0" classname="com.mobileAutomation.OnboardingMF">
    <ignored/>
  </testcase> <!-- TC4_10_CC_Lastly_how_old_are_you -->
  <testcase name="TC4_12_CC_Click_Terms_Conditions" time="0.0" classname="com.mobileAutomation.OnboardingFF">
    <ignored/>
  </testcase> <!-- TC4_12_CC_Click_Terms_Conditions -->
  <testcase name="TC3_02_NB_Click_onboarding" time="0.0" classname="com.mobileAutomation.OnboardingMF">
    <ignored/>
  </testcase> <!-- TC3_02_NB_Click_onboarding -->
  <testcase name="TC4_09_CC_Click_Next" time="0.0" classname="com.mobileAutomation.OnboardingFF">
    <ignored/>
  </testcase> <!-- TC4_09_CC_Click_Next -->
  <testcase name="TC4_11_CC_Select_Interests" time="0.0" classname="com.mobileAutomation.OnboardingMF">
    <ignored/>
  </testcase> <!-- TC4_11_CC_Select_Interests -->
  <testcase name="TC1_04_PHB_What_should_we_call_you" time="0.0" classname="com.mobileAutomation.OnboardingMF">
    <ignored/>
  </testcase> <!-- TC1_04_PHB_What_should_we_call_you -->
  <testcase name="TC3_08_NB_Click_Next" time="0.0" classname="com.mobileAutomation.OnboardingMF">
    <ignored/>
  </testcase> <!-- TC3_08_NB_Click_Next -->
  <testcase name="TC3_01_NB_Click_Showcase" time="0.0" classname="com.mobileAutomation.OnboardingFF">
    <ignored/>
  </testcase> <!-- TC3_01_NB_Click_Showcase -->
  <testcase name="TC4_02_CC_Click_Onboarding" time="0.0" classname="com.mobileAutomation.OnboardingFF">
    <ignored/>
  </testcase> <!-- TC4_02_CC_Click_Onboarding -->
  <testcase name="TC2_02_PRG_Click_onboarding" time="0.0" classname="com.mobileAutomation.OnboardingMF">
    <ignored/>
  </testcase> <!-- TC2_02_PRG_Click_onboarding -->
  <testcase name="TC1_03_PHB_Click_Onboarding" time="0.0" classname="com.mobileAutomation.OnboardingMF">
    <ignored/>
  </testcase> <!-- TC1_03_PHB_Click_Onboarding -->
  <testcase name="TC2_11_PRG_Click_Terms_Conditions" time="0.0" classname="com.mobileAutomation.OnboardingMF">
    <ignored/>
  </testcase> <!-- TC2_11_PRG_Click_Terms_Conditions -->
  <testcase name="TC3_13_CC_Click_Terms_conditions_Close" time="0.0" classname="com.mobileAutomation.OnboardingFF">
    <ignored/>
  </testcase> <!-- TC3_13_CC_Click_Terms_conditions_Close -->
  <testcase name="TC4_06_CC_How_many_kids_do_you_have" time="0.0" classname="com.mobileAutomation.OnboardingFF">
    <ignored/>
  </testcase> <!-- TC4_06_CC_How_many_kids_do_you_have -->
  <testcase name="TC4_14_CC_Click_Terms_conditions_Close" time="0.0" classname="com.mobileAutomation.OnboardingMF">
    <ignored/>
  </testcase> <!-- TC4_14_CC_Click_Terms_conditions_Close -->
  <testcase name="TC1_06_PHB_Click_My_partner_and_I_are_planning_to_have_a_baby" time="0.0" classname="com.mobileAutomation.OnboardingMF">
    <ignored/>
  </testcase> <!-- TC1_06_PHB_Click_My_partner_and_I_are_planning_to_have_a_baby -->
  <testcase name="TC3_09_NB_Lastly_how_old_are_you" time="0.0" classname="com.mobileAutomation.OnboardingFF">
    <ignored/>
  </testcase> <!-- TC3_09_NB_Lastly_how_old_are_you -->
  <testcase name="TC2_12_PRG_Click_Continue" time="0.0" classname="com.mobileAutomation.OnboardingMF">
    <ignored/>
  </testcase> <!-- TC2_12_PRG_Click_Continue -->
  <testcase name="TC4_05_CC_Click_I_have_a_child_children" time="0.0" classname="com.mobileAutomation.OnboardingMF">
    <ignored/>
  </testcase> <!-- TC4_05_CC_Click_I_have_a_child_children -->
  <testcase name="TC4_08_CC_How_old_are_your_kids" time="0.0" classname="com.mobileAutomation.OnboardingMF">
    <ignored/>
  </testcase> <!-- TC4_08_CC_How_old_are_your_kids -->
  <testcase name="TC3_11_NB_Click_Terms_Conditions" time="0.0" classname="com.mobileAutomation.OnboardingMF">
    <ignored/>
  </testcase> <!-- TC3_11_NB_Click_Terms_Conditions -->
  <testcase name="TC4_07_CC_Click_Next" time="0.0" classname="com.mobileAutomation.OnboardingMF">
    <ignored/>
  </testcase> <!-- TC4_07_CC_Click_Next -->
  <testcase name="TC3_10_NB_Select_Interests" time="0.0" classname="com.mobileAutomation.OnboardingMF">
    <ignored/>
  </testcase> <!-- TC3_10_NB_Select_Interests -->
  <testcase name="TC2_08_PRG_Is_this_your_first_child_Select_No" time="0.0" classname="com.mobileAutomation.OnboardingMF">
    <ignored/>
  </testcase> <!-- TC2_08_PRG_Is_this_your_first_child_Select_No -->
  <testcase name="TC1_05_PHB_Gender_selection_Male" time="0.0" classname="com.mobileAutomation.OnboardingMF">
    <ignored/>
  </testcase> <!-- TC1_05_PHB_Gender_selection_Male -->
  <testcase name="TC2_06_PRG_Do_you_know_your_due_date" time="0.0" classname="com.mobileAutomation.OnboardingMF">
    <ignored/>
  </testcase> <!-- TC2_06_PRG_Do_you_know_your_due_date -->
  <testcase name="TC3_03_NB_What_should_we_call_you" time="0.0" classname="com.mobileAutomation.OnboardingMF">
    <ignored/>
  </testcase> <!-- TC3_03_NB_What_should_we_call_you -->
  <testcase name="TC3_04_NB_Gender_selection_Female" time="0.0" classname="com.mobileAutomation.OnboardingFF">
    <ignored/>
  </testcase> <!-- TC3_04_NB_Gender_selection_Female -->
  <testcase name="TC3_05_NB_I_have_a_newborn" time="0.0" classname="com.mobileAutomation.OnboardingMF">
    <ignored/>
  </testcase> <!-- TC3_05_NB_I_have_a_newborn -->
  <testcase name="TC3_07_NB_Enter_your_baby_date_of_birth" time="0.0" classname="com.mobileAutomation.OnboardingMF">
    <ignored/>
  </testcase> <!-- TC3_07_NB_Enter_your_baby_date_of_birth -->
  <testcase name="TC4_01_CC_Click_Showcase" time="0.0" classname="com.mobileAutomation.OnboardingFF">
    <ignored/>
  </testcase> <!-- TC4_01_CC_Click_Showcase -->
  <testcase name="TC2_03_PRG_What_should_we_call_you" time="0.0" classname="com.mobileAutomation.OnboardingMF">
    <ignored/>
  </testcase> <!-- TC2_03_PRG_What_should_we_call_you -->
  <testcase name="TC4_13_CC_Click_Continue" time="0.0" classname="com.mobileAutomation.OnboardingMF">
    <ignored/>
  </testcase> <!-- TC4_13_CC_Click_Continue -->
  <testcase name="TC4_03_CC_What_should_we_call_you" time="0.0" classname="com.mobileAutomation.OnboardingFF">
    <ignored/>
  </testcase> <!-- TC4_03_CC_What_should_we_call_you -->
  <testcase name="TC1_10_PHB_Lastly_how_old_are_you" time="0.0" classname="com.mobileAutomation.OnboardingMF">
    <ignored/>
  </testcase> <!-- TC1_10_PHB_Lastly_how_old_are_you -->
  <testcase name="TC4_14_CC_Click_Terms_conditions_Close" time="0.0" classname="com.mobileAutomation.OnboardingFF">
    <ignored/>
  </testcase> <!-- TC4_14_CC_Click_Terms_conditions_Close -->
  <testcase name="TC2_05_PRG_Click_My_partner_and_I_are_pregnant" time="0.0" classname="com.mobileAutomation.OnboardingMF">
    <ignored/>
  </testcase> <!-- TC2_05_PRG_Click_My_partner_and_I_are_pregnant -->
  <testcase name="TC4_06_CC_How_many_kids_do_you_have" time="0.0" classname="com.mobileAutomation.OnboardingMF">
    <ignored/>
  </testcase> <!-- TC4_06_CC_How_many_kids_do_you_have -->
  <testcase name="TC3_06_NB_Is_your_child_a_boy_or_girl_Select_Girl" time="0.0" classname="com.mobileAutomation.OnboardingMF">
    <ignored/>
  </testcase> <!-- TC3_06_NB_Is_your_child_a_boy_or_girl_Select_Girl -->
  <testcase name="TC3_01_NB_Click_Showcase" time="0.0" classname="com.mobileAutomation.OnboardingMF">
    <ignored/>
  </testcase> <!-- TC3_01_NB_Click_Showcase -->
  <testcase name="TC1_07_PHB_How_long_have_you_been_trying_to_conceive" time="0.0" classname="com.mobileAutomation.OnboardingMF">
    <ignored/>
  </testcase> <!-- TC1_07_PHB_How_long_have_you_been_trying_to_conceive -->
  <testcase name="TC4_11_CC_Select_Interests" time="0.0" classname="com.mobileAutomation.OnboardingFF">
    <ignored/>
  </testcase> <!-- TC4_11_CC_Select_Interests -->
  <testcase name="TC2_13_PRG_Click_Terms_conditions_Close" time="0.0" classname="com.mobileAutomation.OnboardingMF">
    <ignored/>
  </testcase> <!-- TC2_13_PRG_Click_Terms_conditions_Close -->
  <testcase name="TC1_14_PHB_Click_Terms_conditions_Close" time="0.0" classname="com.mobileAutomation.OnboardingMF">
    <ignored/>
  </testcase> <!-- TC1_14_PHB_Click_Terms_conditions_Close -->
  <testcase name="TC3_08_NB_Click_Next" time="0.0" classname="com.mobileAutomation.OnboardingFF">
    <ignored/>
  </testcase> <!-- TC3_08_NB_Click_Next -->
  <testcase name="TC4_02_CC_Click_Onboarding" time="0.0" classname="com.mobileAutomation.OnboardingMF">
    <ignored/>
  </testcase> <!-- TC4_02_CC_Click_Onboarding -->
  <testcase name="TC3_02_NB_Click_onboarding" time="0.0" classname="com.mobileAutomation.OnboardingFF">
    <ignored/>
  </testcase> <!-- TC3_02_NB_Click_onboarding -->
  <testcase name="TC1_11_PHB_Select_Interests" time="0.0" classname="com.mobileAutomation.OnboardingMF">
    <ignored/>
  </testcase> <!-- TC1_11_PHB_Select_Interests -->
  <testcase name="TC2_01_PRG_Click_Showcase" time="0.0" classname="com.mobileAutomation.OnboardingMF">
    <ignored/>
  </testcase> <!-- TC2_01_PRG_Click_Showcase -->
  <testcase name="TC2_10_PRG_Select_Interests" time="0.0" classname="com.mobileAutomation.OnboardingMF">
    <ignored/>
  </testcase> <!-- TC2_10_PRG_Select_Interests -->
  <testcase name="TC4_12_CC_Click_Terms_Conditions" time="0.0" classname="com.mobileAutomation.OnboardingMF">
    <ignored/>
  </testcase> <!-- TC4_12_CC_Click_Terms_Conditions -->
  <testcase name="TC4_10_CC_Lastly_how_old_are_you" time="0.0" classname="com.mobileAutomation.OnboardingFF">
    <ignored/>
  </testcase> <!-- TC4_10_CC_Lastly_how_old_are_you -->
  <testcase name="TC4_09_CC_Click_Next" time="0.0" classname="com.mobileAutomation.OnboardingMF">
    <ignored/>
  </testcase> <!-- TC4_09_CC_Click_Next -->
  <testcase name="TC3_06_NB_Is_your_child_a_boy_or_girl_Select_Boy" time="0.0" classname="com.mobileAutomation.OnboardingFF">
    <ignored/>
  </testcase> <!-- TC3_06_NB_Is_your_child_a_boy_or_girl_Select_Boy -->
  <testcase name="TC3_12_NB_Click_Continue" time="0.0" classname="com.mobileAutomation.OnboardingMF">
    <ignored/>
  </testcase> <!-- TC3_12_NB_Click_Continue -->
  <testcase name="TC4_04_CC_Gender_selection_Female" time="0.0" classname="com.mobileAutomation.OnboardingFF">
    <ignored/>
  </testcase> <!-- TC4_04_CC_Gender_selection_Female -->
</testsuite> <!-- Test -->
